0 info it worked if it ends with ok
1 verbose cli [ 'node', '/usr/local/bin/npm', 'install' ]
2 info using npm@1.2.11
3 info using node@v0.8.20
4 verbose read json /Users/brosenbach/Documents/node/way2healthlogviewer/package.json
5 warn package.json application-name@0.0.1 No README.md file found!
6 verbose readDependencies using package.json deps
7 verbose install where, deps [ '/Users/brosenbach/Documents/node/way2healthlogviewer',
7 verbose install   [ 'express', 'jade', 'socket.io', 'tail', 'tailnative' ] ]
8 verbose from cache /Users/brosenbach/Documents/node/way2healthlogviewer/package.json
9 info preinstall application-name@0.0.1
10 verbose read json /Users/brosenbach/Documents/node/way2healthlogviewer/node_modules/express/package.json
11 verbose read json /Users/brosenbach/Documents/node/way2healthlogviewer/node_modules/jade/package.json
12 verbose read json /Users/brosenbach/Documents/node/way2healthlogviewer/node_modules/socket.io/package.json
13 verbose read json /Users/brosenbach/Documents/node/way2healthlogviewer/node_modules/tail/package.json
14 verbose from cache /Users/brosenbach/Documents/node/way2healthlogviewer/package.json
15 verbose readDependencies using package.json deps
16 verbose from cache /Users/brosenbach/Documents/node/way2healthlogviewer/node_modules/express/package.json
17 verbose from cache /Users/brosenbach/Documents/node/way2healthlogviewer/node_modules/jade/package.json
18 verbose from cache /Users/brosenbach/Documents/node/way2healthlogviewer/node_modules/socket.io/package.json
19 verbose from cache /Users/brosenbach/Documents/node/way2healthlogviewer/node_modules/tail/package.json
20 verbose already installed skipping express@3.1.0 /Users/brosenbach/Documents/node/way2healthlogviewer
21 verbose already installed skipping jade@* /Users/brosenbach/Documents/node/way2healthlogviewer
22 verbose already installed skipping socket.io@* /Users/brosenbach/Documents/node/way2healthlogviewer
23 verbose already installed skipping tail@* /Users/brosenbach/Documents/node/way2healthlogviewer
24 verbose cache add [ 'tailnative@*', null ]
25 verbose cache add name=undefined spec="tailnative@*" args=["tailnative@*",null]
26 verbose parsed url { pathname: 'tailnative@*',
26 verbose parsed url   path: 'tailnative@*',
26 verbose parsed url   href: 'tailnative@*' }
27 verbose cache add name="tailnative" spec="*" args=["tailnative","*"]
28 verbose parsed url { pathname: '*', path: '*', href: '*' }
29 verbose addNamed [ 'tailnative', '*' ]
30 verbose addNamed [ null, '' ]
31 silly lockFile 0f231024-tailnative tailnative@*
32 verbose lock tailnative@* /Users/brosenbach/.npm/0f231024-tailnative.lock
33 silly addNameRange { name: 'tailnative', range: '', hasData: false }
34 verbose url raw tailnative
35 verbose url resolving [ 'https://registry.npmjs.org/', './tailnative' ]
36 verbose url resolved https://registry.npmjs.org/tailnative
37 info trying registry request attempt 1 at 15:41:11
38 http GET https://registry.npmjs.org/tailnative
39 http 200 https://registry.npmjs.org/tailnative
40 silly registry.get cb [ 200,
40 silly registry.get   { vary: 'Accept',
40 silly registry.get     server: 'CouchDB/1.2.1 (Erlang OTP/R15B03)',
40 silly registry.get     etag: '"A4YBOOFQ5YV6E93N606KZDS0Y"',
40 silly registry.get     date: 'Thu, 21 Feb 2013 20:41:12 GMT',
40 silly registry.get     'content-type': 'application/json',
40 silly registry.get     'content-length': '8679' } ]
41 silly addNameRange number 2 { name: 'tailnative', range: '', hasData: true }
42 silly addNameRange versions [ 'tailnative',
42 silly addNameRange   [ '0.1.0', '0.1.1', '0.1.2', '0.2.0', '0.2.1', '0.3.0' ] ]
43 verbose addNamed [ 'tailnative', '0.3.0' ]
44 verbose addNamed [ '0.3.0', '0.3.0' ]
45 silly lockFile ac69153d-tailnative-0-3-0 tailnative@0.3.0
46 verbose lock tailnative@0.3.0 /Users/brosenbach/.npm/ac69153d-tailnative-0-3-0.lock
47 silly lockFile 0aa3485f--tailnative-tailnative-0-3-0-tgz https://registry.npmjs.org/tailnative/-/tailnative-0.3.0.tgz
48 verbose lock https://registry.npmjs.org/tailnative/-/tailnative-0.3.0.tgz /Users/brosenbach/.npm/0aa3485f--tailnative-tailnative-0-3-0-tgz.lock
49 verbose addRemoteTarball [ 'https://registry.npmjs.org/tailnative/-/tailnative-0.3.0.tgz',
49 verbose addRemoteTarball   '728907016cde5f90fe7529e3656e8ed01cb75357' ]
50 info retry fetch attempt 1 at 15:41:12
51 verbose fetch to= /var/folders/h8/h8Eh9MVbEbySzxZzUdK6aU+++TM/-Tmp-/npm-42465/1361479272480-0.8984747447539121/tmp.tgz
52 http GET https://registry.npmjs.org/tailnative/-/tailnative-0.3.0.tgz
53 http 200 https://registry.npmjs.org/tailnative/-/tailnative-0.3.0.tgz
54 silly shasum updated bytes 4307
55 info shasum 728907016cde5f90fe7529e3656e8ed01cb75357
55 info shasum /var/folders/h8/h8Eh9MVbEbySzxZzUdK6aU+++TM/-Tmp-/npm-42465/1361479272480-0.8984747447539121/tmp.tgz
56 verbose tar unpack /var/folders/h8/h8Eh9MVbEbySzxZzUdK6aU+++TM/-Tmp-/npm-42465/1361479272480-0.8984747447539121/tmp.tgz
57 silly lockFile 06762230-72480-0-8984747447539121-package /var/folders/h8/h8Eh9MVbEbySzxZzUdK6aU+++TM/-Tmp-/npm-42465/1361479272480-0.8984747447539121/package
58 verbose lock /var/folders/h8/h8Eh9MVbEbySzxZzUdK6aU+++TM/-Tmp-/npm-42465/1361479272480-0.8984747447539121/package /Users/brosenbach/.npm/06762230-72480-0-8984747447539121-package.lock
59 silly lockFile ee491617-72480-0-8984747447539121-tmp-tgz /var/folders/h8/h8Eh9MVbEbySzxZzUdK6aU+++TM/-Tmp-/npm-42465/1361479272480-0.8984747447539121/tmp.tgz
60 verbose lock /var/folders/h8/h8Eh9MVbEbySzxZzUdK6aU+++TM/-Tmp-/npm-42465/1361479272480-0.8984747447539121/tmp.tgz /Users/brosenbach/.npm/ee491617-72480-0-8984747447539121-tmp-tgz.lock
61 silly gunzTarPerm modes [ '755', '644' ]
62 silly gunzTarPerm extractEntry package.json
63 silly gunzTarPerm extractEntry README.md
64 silly gunzTarPerm extractEntry LICENSE
65 silly gunzTarPerm extractEntry tailnative.js
66 silly gunzTarPerm extractEntry binding.gyp
67 silly gunzTarPerm extractEntry example/example1.js
68 silly gunzTarPerm extractEntry example/example2.js
69 silly gunzTarPerm extractEntry example/http-realtime-example.js
70 silly gunzTarPerm extractEntry src/tail.cpp
71 silly gunzTarPerm extractEntry src/tail.h
72 verbose read json /var/folders/h8/h8Eh9MVbEbySzxZzUdK6aU+++TM/-Tmp-/npm-42465/1361479272480-0.8984747447539121/package/package.json
73 silly lockFile 06762230-72480-0-8984747447539121-package /var/folders/h8/h8Eh9MVbEbySzxZzUdK6aU+++TM/-Tmp-/npm-42465/1361479272480-0.8984747447539121/package
74 silly lockFile 06762230-72480-0-8984747447539121-package /var/folders/h8/h8Eh9MVbEbySzxZzUdK6aU+++TM/-Tmp-/npm-42465/1361479272480-0.8984747447539121/package
75 silly lockFile ee491617-72480-0-8984747447539121-tmp-tgz /var/folders/h8/h8Eh9MVbEbySzxZzUdK6aU+++TM/-Tmp-/npm-42465/1361479272480-0.8984747447539121/tmp.tgz
76 silly lockFile ee491617-72480-0-8984747447539121-tmp-tgz /var/folders/h8/h8Eh9MVbEbySzxZzUdK6aU+++TM/-Tmp-/npm-42465/1361479272480-0.8984747447539121/tmp.tgz
77 verbose from cache /var/folders/h8/h8Eh9MVbEbySzxZzUdK6aU+++TM/-Tmp-/npm-42465/1361479272480-0.8984747447539121/package/package.json
78 verbose tar pack [ '/Users/brosenbach/.npm/tailnative/0.3.0/package.tgz',
78 verbose tar pack   '/var/folders/h8/h8Eh9MVbEbySzxZzUdK6aU+++TM/-Tmp-/npm-42465/1361479272480-0.8984747447539121/package' ]
79 verbose tarball /Users/brosenbach/.npm/tailnative/0.3.0/package.tgz
80 verbose folder /var/folders/h8/h8Eh9MVbEbySzxZzUdK6aU+++TM/-Tmp-/npm-42465/1361479272480-0.8984747447539121/package
81 silly lockFile 06762230-72480-0-8984747447539121-package /var/folders/h8/h8Eh9MVbEbySzxZzUdK6aU+++TM/-Tmp-/npm-42465/1361479272480-0.8984747447539121/package
82 verbose lock /var/folders/h8/h8Eh9MVbEbySzxZzUdK6aU+++TM/-Tmp-/npm-42465/1361479272480-0.8984747447539121/package /Users/brosenbach/.npm/06762230-72480-0-8984747447539121-package.lock
83 silly lockFile 5f8053d3-npm-tailnative-0-3-0-package-tgz /Users/brosenbach/.npm/tailnative/0.3.0/package.tgz
84 verbose lock /Users/brosenbach/.npm/tailnative/0.3.0/package.tgz /Users/brosenbach/.npm/5f8053d3-npm-tailnative-0-3-0-package-tgz.lock
85 silly lockFile 06762230-72480-0-8984747447539121-package /var/folders/h8/h8Eh9MVbEbySzxZzUdK6aU+++TM/-Tmp-/npm-42465/1361479272480-0.8984747447539121/package
86 silly lockFile 06762230-72480-0-8984747447539121-package /var/folders/h8/h8Eh9MVbEbySzxZzUdK6aU+++TM/-Tmp-/npm-42465/1361479272480-0.8984747447539121/package
87 silly lockFile 5f8053d3-npm-tailnative-0-3-0-package-tgz /Users/brosenbach/.npm/tailnative/0.3.0/package.tgz
88 silly lockFile 5f8053d3-npm-tailnative-0-3-0-package-tgz /Users/brosenbach/.npm/tailnative/0.3.0/package.tgz
89 silly lockFile d39d41db-ach-npm-tailnative-0-3-0-package /Users/brosenbach/.npm/tailnative/0.3.0/package
90 verbose lock /Users/brosenbach/.npm/tailnative/0.3.0/package /Users/brosenbach/.npm/d39d41db-ach-npm-tailnative-0-3-0-package.lock
91 silly lockFile d39d41db-ach-npm-tailnative-0-3-0-package /Users/brosenbach/.npm/tailnative/0.3.0/package
92 silly lockFile d39d41db-ach-npm-tailnative-0-3-0-package /Users/brosenbach/.npm/tailnative/0.3.0/package
93 verbose tar unpack /Users/brosenbach/.npm/tailnative/0.3.0/package.tgz
94 silly lockFile d39d41db-ach-npm-tailnative-0-3-0-package /Users/brosenbach/.npm/tailnative/0.3.0/package
95 verbose lock /Users/brosenbach/.npm/tailnative/0.3.0/package /Users/brosenbach/.npm/d39d41db-ach-npm-tailnative-0-3-0-package.lock
96 silly lockFile 5f8053d3-npm-tailnative-0-3-0-package-tgz /Users/brosenbach/.npm/tailnative/0.3.0/package.tgz
97 verbose lock /Users/brosenbach/.npm/tailnative/0.3.0/package.tgz /Users/brosenbach/.npm/5f8053d3-npm-tailnative-0-3-0-package-tgz.lock
98 silly gunzTarPerm modes [ '755', '644' ]
99 silly gunzTarPerm extractEntry package.json
100 silly gunzTarPerm extractEntry README.md
101 silly gunzTarPerm extractEntry LICENSE
102 silly gunzTarPerm extractEntry tailnative.js
103 silly gunzTarPerm extractEntry binding.gyp
104 silly gunzTarPerm extractEntry example/example1.js
105 silly gunzTarPerm extractEntry example/example2.js
106 silly gunzTarPerm extractEntry example/http-realtime-example.js
107 silly gunzTarPerm extractEntry src/tail.cpp
108 silly gunzTarPerm extractEntry src/tail.h
109 verbose read json /Users/brosenbach/.npm/tailnative/0.3.0/package/package.json
110 silly lockFile d39d41db-ach-npm-tailnative-0-3-0-package /Users/brosenbach/.npm/tailnative/0.3.0/package
111 silly lockFile d39d41db-ach-npm-tailnative-0-3-0-package /Users/brosenbach/.npm/tailnative/0.3.0/package
112 silly lockFile 5f8053d3-npm-tailnative-0-3-0-package-tgz /Users/brosenbach/.npm/tailnative/0.3.0/package.tgz
113 silly lockFile 5f8053d3-npm-tailnative-0-3-0-package-tgz /Users/brosenbach/.npm/tailnative/0.3.0/package.tgz
114 silly shasum updated bytes 4303
115 info shasum 8faf4d04fe5aa22ee419ee79e0abaa2e94ea7594
115 info shasum /Users/brosenbach/.npm/tailnative/0.3.0/package.tgz
116 verbose from cache /Users/brosenbach/.npm/tailnative/0.3.0/package/package.json
117 verbose chmod /Users/brosenbach/.npm/tailnative/0.3.0/package.tgz 644
118 verbose chown /Users/brosenbach/.npm/tailnative/0.3.0/package.tgz [ 502, 20 ]
119 silly lockFile 0aa3485f--tailnative-tailnative-0-3-0-tgz https://registry.npmjs.org/tailnative/-/tailnative-0.3.0.tgz
120 silly lockFile 0aa3485f--tailnative-tailnative-0-3-0-tgz https://registry.npmjs.org/tailnative/-/tailnative-0.3.0.tgz
121 silly lockFile ac69153d-tailnative-0-3-0 tailnative@0.3.0
122 silly lockFile ac69153d-tailnative-0-3-0 tailnative@0.3.0
123 silly lockFile 0f231024-tailnative tailnative@*
124 silly lockFile 0f231024-tailnative tailnative@*
125 silly resolved [ { name: 'tailnative',
125 silly resolved     version: '0.3.0',
125 silly resolved     main: 'tailnative',
125 silly resolved     description: 'Native (C++) Re-Implemetation of \'tail -f\' command',
125 silly resolved     scripts: { install: 'CXX=g++ node-gyp configure build' },
125 silly resolved     keywords: [ 'package', 'tail', 'tail -f', 'realtime line' ],
125 silly resolved     maintainers: [ [Object] ],
125 silly resolved     contributors: [],
125 silly resolved     bugs:
125 silly resolved      { mail: 'white_sheep@ihteam.net',
125 silly resolved        url: 'https://github.com/whitesheep/node-tail-native/issues' },
125 silly resolved     licenses: [ [Object] ],
125 silly resolved     repositories: [ [Object] ],
125 silly resolved     os: [ 'linux', 'macos', 'win' ],
125 silly resolved     cpu: [ 'x86', 'ppc', 'x86_64', 'ia32' ],
125 silly resolved     readme: 'Native module for node.js .\n\nRead new line in real time, as \'tail - f\'.\n\nInstall:\n========\n\n\tnpm install tailnative\n\nor\n\n\tgit clone git://github.com/whitesheep/node-tail-native.git\n\tcd node-tail-native\n\tnode-gyp configure build\n\n\nUse: \n========\n\nTailnative, from 0.3 version, support `line separator`\n\t\n\tnew Tail(filename, "\\r\\n");\n\n\n\n_Event emits:_\n\ndata \t`function(data){}`\nend\t\t`function(){}`\nerror\t`function(error){}`\n\n\n\n_Example code :_\n\n\tvar Tail = require("tailnative");\n\t\n\tvar lineseparator = "\\n";\n\tvar tail = new Tail(__dirname + "/testfile", lineseparator);\n\t\n    \n\ttail.on(\'data\', function(data){\n\t    console.log(this.file + \': \' + data);\n\t});\n\n\ttail.on(\'error\', function(){\n\t    console.log(\'error\');\n\t\ttail.close();\n\t});\n\n\ttail.on(\'end\', function(){\n\t    console.log(\'end\');\n\t});\n',
125 silly resolved     readmeFilename: 'README.md',
125 silly resolved     _id: 'tailnative@0.3.0',
125 silly resolved     dist: { shasum: '8faf4d04fe5aa22ee419ee79e0abaa2e94ea7594' },
125 silly resolved     _from: 'tailnative@*',
125 silly resolved     _resolved: 'https://registry.npmjs.org/tailnative/-/tailnative-0.3.0.tgz' } ]
126 info install tailnative@0.3.0 into /Users/brosenbach/Documents/node/way2healthlogviewer
127 info installOne tailnative@0.3.0
128 error notsup Unsupported
128 error notsup Not compatible with your operating system or architecture: tailnative@0.3.0
128 error notsup Valid OS:    linux,macos,win
128 error notsup Valid Arch:  x86,ppc,x86_64,ia32
128 error notsup Actual OS:   darwin
128 error notsup Actual Arch: x64
129 error System Darwin 10.8.0
130 error command "node" "/usr/local/bin/npm" "install"
131 error cwd /Users/brosenbach/Documents/node/way2healthlogviewer
132 error node -v v0.8.20
133 error npm -v 1.2.11
134 error code EBADPLATFORM
135 verbose exit [ 1, true ]
